<?xml version="1.0" encoding="UTF-8"?>
<!-- Generated by org.testng.reporters.JUnitReportReporter -->
<testsuite skipped="0" hostname="E4795_Tech" name="com.ExtramarksWebsite_TestCases.StudentNotesTest" tests="1" failures="0" timestamp="2019-12-17T12:48:42 IST" time="85.628" errors="0">
  <testcase name="Notes" time="85.628" classname="com.ExtramarksWebsite_TestCases.StudentNotesTest"/>
</testsuite> <!-- com.ExtramarksWebsite_TestCases.StudentNotesTest -->
