<?xml version="1.0" encoding="UTF-8"?>
<!-- Generated by org.testng.reporters.JUnitReportReporter -->
<testsuite skipped="0" hostname="E4795_Tech" name="com.ExtramarksWebsite_TestCases.BuyPackageTest" tests="1" failures="0" timestamp="2019-12-17T10:27:09 IST" time="51.591" errors="0">
  <testcase name="openBuyPackage" time="51.591" classname="com.ExtramarksWebsite_TestCases.BuyPackageTest"/>
</testsuite> <!-- com.ExtramarksWebsite_TestCases.BuyPackageTest -->
