<?xml version="1.0" encoding="UTF-8"?>
<!-- Generated by org.testng.reporters.JUnitReportReporter -->
<testsuite skipped="0" hostname="E4795_Tech" name="com.ExtramarksWebsite_TestCases.ParentLoginTest" tests="1" failures="0" timestamp="2019-12-17T12:07:16 IST" time="40.275" errors="0">
  <testcase name="doLogin" time="40.275" classname="com.ExtramarksWebsite_TestCases.ParentLoginTest"/>
</testsuite> <!-- com.ExtramarksWebsite_TestCases.ParentLoginTest -->
